The system is: Linux - 2.6.32-34-generic - x86_64
Compiling the C compiler identification source file "CMakeCCompilerId.c" succeeded.
Compiler: /usr/bin/gcc 
Build flags: 
Id flags: 

The output was:
0


Compilation of the C compiler identification source "CMakeCCompilerId.c" produced "a.out"

The C compiler identification is GNU, found in "/h1/apereira/F2Dock/CMakeFiles/CompilerIdC/a.out"

Determining if the C compiler works passed with the following output:
Change Dir: /h1/apereira/F2Dock/CMakeFiles/CMakeTmp

Run Build Command:/usr/bin/make "cmTryCompileExec/fast"
/usr/bin/make -f CMakeFiles/cmTryCompileExec.dir/build.make CMakeFiles/cmTryCompileExec.dir/build
make[1]: Entering directory `/h1/apereira/F2Dock/CMakeFiles/CMakeTmp'
/org/centers/cvc/software/share/usr.linux.x86_64/bin/cmake -E cmake_progress_report /h1/apereira/F2Dock/CMakeFiles/CMakeTmp/CMakeFiles 1
Building C object CMakeFiles/cmTryCompileExec.dir/testCCompiler.c.o
/usr/bin/gcc    -o CMakeFiles/cmTryCompileExec.dir/testCCompiler.c.o   -c /h1/apereira/F2Dock/CMakeFiles/CMakeTmp/testCCompiler.c
Linking C executable cmTryCompileExec
/org/centers/cvc/software/share/usr.linux.x86_64/bin/cmake -E cmake_link_script CMakeFiles/cmTryCompileExec.dir/link.txt --verbose=1
/usr/bin/gcc       -L/org/centers/cvc/software/share/usr.linux.x86_64/lib/boost-1.41.0 -L/org/centers/cvc/software/share/usr.linux.x86_64/leda -L/org/centers/cvc/software/share/usr.linux.x86_64/lib/vtk-5.2 -L/org/centers/cvc/software/share/usr.linux.x86_64/cg/lib64 -L/h2/osharma/NVIDIA_CUDA_SDK/lib -L/h2/osharma/NVIDIA_CUDA_SDK/common/lib/linux -L/opt/apps/cuda/2.1/lib -L/org/centers/cvc/software/share/usr.linux.x86_64/ooc/lib -L/org/centers/cvc/software/share/usr.linux.x86_64/lib CMakeFiles/cmTryCompileExec.dir/testCCompiler.c.o  -o cmTryCompileExec -rdynamic 
make[1]: Leaving directory `/h1/apereira/F2Dock/CMakeFiles/CMakeTmp'


Detecting C compiler ABI info compiled with the following output:
Change Dir: /h1/apereira/F2Dock/CMakeFiles/CMakeTmp

Run Build Command:/usr/bin/make "cmTryCompileExec/fast"
/usr/bin/make -f CMakeFiles/cmTryCompileExec.dir/build.make CMakeFiles/cmTryCompileExec.dir/build
make[1]: Entering directory `/h1/apereira/F2Dock/CMakeFiles/CMakeTmp'
/org/centers/cvc/software/share/usr.linux.x86_64/bin/cmake -E cmake_progress_report /h1/apereira/F2Dock/CMakeFiles/CMakeTmp/CMakeFiles 1
Building C object CMakeFiles/cmTryCompileExec.dir/CMakeCCompilerABI.c.o
/usr/bin/gcc    -o CMakeFiles/cmTryCompileExec.dir/CMakeCCompilerABI.c.o   -c /org/centers/cvc/software/share/usr.linux.x86_64/share/cmake-2.8/Modules/CMakeCCompilerABI.c
Linking C executable cmTryCompileExec
/org/centers/cvc/software/share/usr.linux.x86_64/bin/cmake -E cmake_link_script CMakeFiles/cmTryCompileExec.dir/link.txt --verbose=1
/usr/bin/gcc       -v CMakeFiles/cmTryCompileExec.dir/CMakeCCompilerABI.c.o  -o cmTryCompileExec -rdynamic  
Using built-in specs.
Target: x86_64-linux-gnu
Configured with: ../src/configure -v --with-pkgversion='Ubuntu 4.4.3-4ubuntu5' --with-bugurl=file:///usr/share/doc/gcc-4.4/README.Bugs --enable-languages=c,c++,fortran,objc,obj-c++ --prefix=/usr --enable-shared --enable-multiarch --enable-linker-build-id --with-system-zlib --libexecdir=/usr/lib --without-included-gettext --enable-threads=posix --with-gxx-include-dir=/usr/include/c++/4.4 --program-suffix=-4.4 --enable-nls --enable-clocale=gnu --enable-libstdcxx-debug --enable-plugin --enable-objc-gc --disable-werror --with-arch-32=i486 --with-tune=generic --enable-checking=release --build=x86_64-linux-gnu --host=x86_64-linux-gnu --target=x86_64-linux-gnu
Thread model: posix
gcc version 4.4.3 (Ubuntu 4.4.3-4ubuntu5) 
COMPILER_PATH=/usr/lib/gcc/x86_64-linux-gnu/4.4.3/:/usr/lib/gcc/x86_64-linux-gnu/4.4.3/:/usr/lib/gcc/x86_64-linux-gnu/:/usr/lib/gcc/x86_64-linux-gnu/4.4.3/:/usr/lib/gcc/x86_64-linux-gnu/:/usr/lib/gcc/x86_64-linux-gnu/4.4.3/:/usr/lib/gcc/x86_64-linux-gnu/
LIBRARY_PATH=/usr/lib/gcc/x86_64-linux-gnu/4.4.3/:/usr/lib/gcc/x86_64-linux-gnu/4.4.3/:/usr/lib/gcc/x86_64-linux-gnu/4.4.3/../../../../lib/:/lib/../lib/:/usr/lib/../lib/:/usr/lib/gcc/x86_64-linux-gnu/4.4.3/../../../:/lib/:/usr/lib/
COLLECT_GCC_OPTIONS='-v' '-o' 'cmTryCompileExec' '-rdynamic' '-mtune=generic'
 /usr/lib/gcc/x86_64-linux-gnu/4.4.3/collect2 --build-id --eh-frame-hdr -m elf_x86_64 --hash-style=both -export-dynamic -dynamic-linker /lib64/ld-linux-x86-64.so.2 -o cmTryCompileExec -z relro /usr/lib/gcc/x86_64-linux-gnu/4.4.3/../../../../lib/crt1.o /usr/lib/gcc/x86_64-linux-gnu/4.4.3/../../../../lib/crti.o /usr/lib/gcc/x86_64-linux-gnu/4.4.3/crtbegin.o -L/usr/lib/gcc/x86_64-linux-gnu/4.4.3 -L/usr/lib/gcc/x86_64-linux-gnu/4.4.3 -L/usr/lib/gcc/x86_64-linux-gnu/4.4.3/../../../../lib -L/lib/../lib -L/usr/lib/../lib -L/usr/lib/gcc/x86_64-linux-gnu/4.4.3/../../.. CMakeFiles/cmTryCompileExec.dir/CMakeCCompilerABI.c.o -lgcc --as-needed -lgcc_s --no-as-needed -lc -lgcc --as-needed -lgcc_s --no-as-needed /usr/lib/gcc/x86_64-linux-gnu/4.4.3/crtend.o /usr/lib/gcc/x86_64-linux-gnu/4.4.3/../../../../lib/crtn.o
make[1]: Leaving directory `/h1/apereira/F2Dock/CMakeFiles/CMakeTmp'


Parsed C implicit link information from above output:
  link line regex: [^( *|.*[/\])(ld|ld|collect2)[^/\]*( |$)]
  ignore line: [Change Dir: /h1/apereira/F2Dock/CMakeFiles/CMakeTmp]
  ignore line: []
  ignore line: [Run Build Command:/usr/bin/make "cmTryCompileExec/fast"]
  ignore line: [/usr/bin/make -f CMakeFiles/cmTryCompileExec.dir/build.make CMakeFiles/cmTryCompileExec.dir/build]
  ignore line: [make[1]: Entering directory `/h1/apereira/F2Dock/CMakeFiles/CMakeTmp']
  ignore line: [/org/centers/cvc/software/share/usr.linux.x86_64/bin/cmake -E cmake_progress_report /h1/apereira/F2Dock/CMakeFiles/CMakeTmp/CMakeFiles 1]
  ignore line: [Building C object CMakeFiles/cmTryCompileExec.dir/CMakeCCompilerABI.c.o]
  ignore line: [/usr/bin/gcc    -o CMakeFiles/cmTryCompileExec.dir/CMakeCCompilerABI.c.o   -c /org/centers/cvc/software/share/usr.linux.x86_64/share/cmake-2.8/Modules/CMakeCCompilerABI.c]
  ignore line: [Linking C executable cmTryCompileExec]
  ignore line: [/org/centers/cvc/software/share/usr.linux.x86_64/bin/cmake -E cmake_link_script CMakeFiles/cmTryCompileExec.dir/link.txt --verbose=1]
  ignore line: [/usr/bin/gcc       -v CMakeFiles/cmTryCompileExec.dir/CMakeCCompilerABI.c.o  -o cmTryCompileExec -rdynamic  ]
  ignore line: [Using built-in specs.]
  ignore line: [Target: x86_64-linux-gnu]
  ignore line: [Configured with: ../src/configure -v --with-pkgversion='Ubuntu 4.4.3-4ubuntu5' --with-bugurl=file:///usr/share/doc/gcc-4.4/README.Bugs --enable-languages=c,c++,fortran,objc,obj-c++ --prefix=/usr --enable-shared --enable-multiarch --enable-linker-build-id --with-system-zlib --libexecdir=/usr/lib --without-included-gettext --enable-threads=posix --with-gxx-include-dir=/usr/include/c++/4.4 --program-suffix=-4.4 --enable-nls --enable-clocale=gnu --enable-libstdcxx-debug --enable-plugin --enable-objc-gc --disable-werror --with-arch-32=i486 --with-tune=generic --enable-checking=release --build=x86_64-linux-gnu --host=x86_64-linux-gnu --target=x86_64-linux-gnu]
  ignore line: [Thread model: posix]
  ignore line: [gcc version 4.4.3 (Ubuntu 4.4.3-4ubuntu5) ]
  ignore line: [COMPILER_PATH=/usr/lib/gcc/x86_64-linux-gnu/4.4.3/:/usr/lib/gcc/x86_64-linux-gnu/4.4.3/:/usr/lib/gcc/x86_64-linux-gnu/:/usr/lib/gcc/x86_64-linux-gnu/4.4.3/:/usr/lib/gcc/x86_64-linux-gnu/:/usr/lib/gcc/x86_64-linux-gnu/4.4.3/:/usr/lib/gcc/x86_64-linux-gnu/]
  ignore line: [LIBRARY_PATH=/usr/lib/gcc/x86_64-linux-gnu/4.4.3/:/usr/lib/gcc/x86_64-linux-gnu/4.4.3/:/usr/lib/gcc/x86_64-linux-gnu/4.4.3/../../../../lib/:/lib/../lib/:/usr/lib/../lib/:/usr/lib/gcc/x86_64-linux-gnu/4.4.3/../../../:/lib/:/usr/lib/]
  ignore line: [COLLECT_GCC_OPTIONS='-v' '-o' 'cmTryCompileExec' '-rdynamic' '-mtune=generic']
  link line: [ /usr/lib/gcc/x86_64-linux-gnu/4.4.3/collect2 --build-id --eh-frame-hdr -m elf_x86_64 --hash-style=both -export-dynamic -dynamic-linker /lib64/ld-linux-x86-64.so.2 -o cmTryCompileExec -z relro /usr/lib/gcc/x86_64-linux-gnu/4.4.3/../../../../lib/crt1.o /usr/lib/gcc/x86_64-linux-gnu/4.4.3/../../../../lib/crti.o /usr/lib/gcc/x86_64-linux-gnu/4.4.3/crtbegin.o -L/usr/lib/gcc/x86_64-linux-gnu/4.4.3 -L/usr/lib/gcc/x86_64-linux-gnu/4.4.3 -L/usr/lib/gcc/x86_64-linux-gnu/4.4.3/../../../../lib -L/lib/../lib -L/usr/lib/../lib -L/usr/lib/gcc/x86_64-linux-gnu/4.4.3/../../.. CMakeFiles/cmTryCompileExec.dir/CMakeCCompilerABI.c.o -lgcc --as-needed -lgcc_s --no-as-needed -lc -lgcc --as-needed -lgcc_s --no-as-needed /usr/lib/gcc/x86_64-linux-gnu/4.4.3/crtend.o /usr/lib/gcc/x86_64-linux-gnu/4.4.3/../../../../lib/crtn.o]
    arg [/usr/lib/gcc/x86_64-linux-gnu/4.4.3/collect2] ==> ignore
    arg [--build-id] ==> ignore
    arg [--eh-frame-hdr] ==> ignore
    arg [-m] ==> ignore
    arg [elf_x86_64] ==> ignore
    arg [--hash-style=both] ==> ignore
    arg [-export-dynamic] ==> ignore
    arg [-dynamic-linker] ==> ignore
    arg [/lib64/ld-linux-x86-64.so.2] ==> ignore
    arg [-o] ==> ignore
    arg [cmTryCompileExec] ==> ignore
    arg [-zrelro] ==> ignore
    arg [/usr/lib/gcc/x86_64-linux-gnu/4.4.3/../../../../lib/crt1.o] ==> ignore
    arg [/usr/lib/gcc/x86_64-linux-gnu/4.4.3/../../../../lib/crti.o] ==> ignore
    arg [/usr/lib/gcc/x86_64-linux-gnu/4.4.3/crtbegin.o] ==> ignore
    arg [-L/usr/lib/gcc/x86_64-linux-gnu/4.4.3] ==> dir [/usr/lib/gcc/x86_64-linux-gnu/4.4.3]
    arg [-L/usr/lib/gcc/x86_64-linux-gnu/4.4.3] ==> dir [/usr/lib/gcc/x86_64-linux-gnu/4.4.3]
    arg [-L/usr/lib/gcc/x86_64-linux-gnu/4.4.3/../../../../lib] ==> dir [/usr/lib/gcc/x86_64-linux-gnu/4.4.3/../../../../lib]
    arg [-L/lib/../lib] ==> dir [/lib/../lib]
    arg [-L/usr/lib/../lib] ==> dir [/usr/lib/../lib]
    arg [-L/usr/lib/gcc/x86_64-linux-gnu/4.4.3/../../..] ==> dir [/usr/lib/gcc/x86_64-linux-gnu/4.4.3/../../..]
    arg [CMakeFiles/cmTryCompileExec.dir/CMakeCCompilerABI.c.o] ==> ignore
    arg [-lgcc] ==> lib [gcc]
    arg [--as-needed] ==> ignore
    arg [-lgcc_s] ==> lib [gcc_s]
    arg [--no-as-needed] ==> ignore
    arg [-lc] ==> lib [c]
    arg [-lgcc] ==> lib [gcc]
    arg [--as-needed] ==> ignore
    arg [-lgcc_s] ==> lib [gcc_s]
    arg [--no-as-needed] ==> ignore
    arg [/usr/lib/gcc/x86_64-linux-gnu/4.4.3/crtend.o] ==> ignore
    arg [/usr/lib/gcc/x86_64-linux-gnu/4.4.3/../../../../lib/crtn.o] ==> ignore
  remove lib [gcc]
  remove lib [gcc_s]
  remove lib [gcc]
  remove lib [gcc_s]
  collapse dir [/usr/lib/gcc/x86_64-linux-gnu/4.4.3] ==> [/usr/lib/gcc/x86_64-linux-gnu/4.4.3]
  collapse dir [/usr/lib/gcc/x86_64-linux-gnu/4.4.3] ==> [/usr/lib/gcc/x86_64-linux-gnu/4.4.3]
  collapse dir [/usr/lib/gcc/x86_64-linux-gnu/4.4.3/../../../../lib] ==> [/usr/lib]
  collapse dir [/lib/../lib] ==> [/lib]
  collapse dir [/usr/lib/../lib] ==> [/usr/lib]
  collapse dir [/usr/lib/gcc/x86_64-linux-gnu/4.4.3/../../..] ==> [/usr/lib]
  implicit libs: [c]
  implicit dirs: [/usr/lib/gcc/x86_64-linux-gnu/4.4.3;/usr/lib;/lib]


Compiling the CXX compiler identification source file "CMakeCXXCompilerId.cpp" succeeded.
Compiler: /usr/bin/mpic++.openmpi 
Build flags: 
Id flags: 

The output was:
0
CMakeCXXCompilerId.cpp:76: warning: deprecated conversion from string constant to ‘char*’
CMakeCXXCompilerId.cpp:189: warning: deprecated conversion from string constant to ‘char*’
CMakeCXXCompilerId.cpp:190: warning: deprecated conversion from string constant to ‘char*’


Compilation of the CXX compiler identification source "CMakeCXXCompilerId.cpp" produced "a.out"

The CXX compiler identification is GNU, found in "/h1/apereira/F2Dock/CMakeFiles/CompilerIdCXX/a.out"

Determining if the CXX compiler works passed with the following output:
Change Dir: /h1/apereira/F2Dock/CMakeFiles/CMakeTmp

Run Build Command:/usr/bin/make "cmTryCompileExec/fast"
/usr/bin/make -f CMakeFiles/cmTryCompileExec.dir/build.make CMakeFiles/cmTryCompileExec.dir/build
make[1]: Entering directory `/h1/apereira/F2Dock/CMakeFiles/CMakeTmp'
/org/centers/cvc/software/share/usr.linux.x86_64/bin/cmake -E cmake_progress_report /h1/apereira/F2Dock/CMakeFiles/CMakeTmp/CMakeFiles 1
Building CXX object CMakeFiles/cmTryCompileExec.dir/testCXXCompiler.cxx.o
/usr/bin/mpic++.openmpi     -o CMakeFiles/cmTryCompileExec.dir/testCXXCompiler.cxx.o -c /h1/apereira/F2Dock/CMakeFiles/CMakeTmp/testCXXCompiler.cxx
Linking CXX executable cmTryCompileExec
/org/centers/cvc/software/share/usr.linux.x86_64/bin/cmake -E cmake_link_script CMakeFiles/cmTryCompileExec.dir/link.txt --verbose=1
/usr/bin/mpic++.openmpi        -L/org/centers/cvc/software/share/usr.linux.x86_64/lib/boost-1.41.0 -L/org/centers/cvc/software/share/usr.linux.x86_64/leda -L/org/centers/cvc/software/share/usr.linux.x86_64/lib/vtk-5.2 -L/org/centers/cvc/software/share/usr.linux.x86_64/cg/lib64 -L/h2/osharma/NVIDIA_CUDA_SDK/lib -L/h2/osharma/NVIDIA_CUDA_SDK/common/lib/linux -L/opt/apps/cuda/2.1/lib -L/org/centers/cvc/software/share/usr.linux.x86_64/ooc/lib -L/org/centers/cvc/software/share/usr.linux.x86_64/lib CMakeFiles/cmTryCompileExec.dir/testCXXCompiler.cxx.o  -o cmTryCompileExec -rdynamic 
make[1]: Leaving directory `/h1/apereira/F2Dock/CMakeFiles/CMakeTmp'


Detecting CXX compiler ABI info compiled with the following output:
Change Dir: /h1/apereira/F2Dock/CMakeFiles/CMakeTmp

Run Build Command:/usr/bin/make "cmTryCompileExec/fast"
/usr/bin/make -f CMakeFiles/cmTryCompileExec.dir/build.make CMakeFiles/cmTryCompileExec.dir/build
make[1]: Entering directory `/h1/apereira/F2Dock/CMakeFiles/CMakeTmp'
/org/centers/cvc/software/share/usr.linux.x86_64/bin/cmake -E cmake_progress_report /h1/apereira/F2Dock/CMakeFiles/CMakeTmp/CMakeFiles 1
Building CXX object CMakeFiles/cmTryCompileExec.dir/CMakeCXXCompilerABI.cpp.o
/usr/bin/mpic++.openmpi     -o CMakeFiles/cmTryCompileExec.dir/CMakeCXXCompilerABI.cpp.o -c /org/centers/cvc/software/share/usr.linux.x86_64/share/cmake-2.8/Modules/CMakeCXXCompilerABI.cpp
Linking CXX executable cmTryCompileExec
/org/centers/cvc/software/share/usr.linux.x86_64/bin/cmake -E cmake_link_script CMakeFiles/cmTryCompileExec.dir/link.txt --verbose=1
/usr/bin/mpic++.openmpi        -v CMakeFiles/cmTryCompileExec.dir/CMakeCXXCompilerABI.cpp.o  -o cmTryCompileExec -rdynamic  
Using built-in specs.
Target: x86_64-linux-gnu
Configured with: ../src/configure -v --with-pkgversion='Ubuntu 4.4.3-4ubuntu5' --with-bugurl=file:///usr/share/doc/gcc-4.4/README.Bugs --enable-languages=c,c++,fortran,objc,obj-c++ --prefix=/usr --enable-shared --enable-multiarch --enable-linker-build-id --with-system-zlib --libexecdir=/usr/lib --without-included-gettext --enable-threads=posix --with-gxx-include-dir=/usr/include/c++/4.4 --program-suffix=-4.4 --enable-nls --enable-clocale=gnu --enable-libstdcxx-debug --enable-plugin --enable-objc-gc --disable-werror --with-arch-32=i486 --with-tune=generic --enable-checking=release --build=x86_64-linux-gnu --host=x86_64-linux-gnu --target=x86_64-linux-gnu
Thread model: posix
gcc version 4.4.3 (Ubuntu 4.4.3-4ubuntu5) 
COMPILER_PATH=/usr/lib/gcc/x86_64-linux-gnu/4.4.3/:/usr/lib/gcc/x86_64-linux-gnu/4.4.3/:/usr/lib/gcc/x86_64-linux-gnu/:/usr/lib/gcc/x86_64-linux-gnu/4.4.3/:/usr/lib/gcc/x86_64-linux-gnu/:/usr/lib/gcc/x86_64-linux-gnu/4.4.3/:/usr/lib/gcc/x86_64-linux-gnu/
LIBRARY_PATH=/usr/lib/gcc/x86_64-linux-gnu/4.4.3/:/usr/lib/gcc/x86_64-linux-gnu/4.4.3/:/usr/lib/gcc/x86_64-linux-gnu/4.4.3/../../../../lib/:/lib/../lib/:/usr/lib/../lib/:/usr/lib/gcc/x86_64-linux-gnu/4.4.3/../../../:/lib/:/usr/lib/
COLLECT_GCC_OPTIONS='-I/usr/lib/openmpi/include' '-I/usr/lib/openmpi/include/openmpi' '-pthread' '-v' '-o' 'cmTryCompileExec' '-rdynamic' '-L/usr/lib/openmpi/lib' '-shared-libgcc' '-mtune=generic'
 /usr/lib/gcc/x86_64-linux-gnu/4.4.3/collect2 --build-id --eh-frame-hdr -m elf_x86_64 --hash-style=both -export-dynamic -dynamic-linker /lib64/ld-linux-x86-64.so.2 -o cmTryCompileExec -z relro /usr/lib/gcc/x86_64-linux-gnu/4.4.3/../../../../lib/crt1.o /usr/lib/gcc/x86_64-linux-gnu/4.4.3/../../../../lib/crti.o /usr/lib/gcc/x86_64-linux-gnu/4.4.3/crtbegin.o -L/usr/lib/openmpi/lib -L/usr/lib/gcc/x86_64-linux-gnu/4.4.3 -L/usr/lib/gcc/x86_64-linux-gnu/4.4.3 -L/usr/lib/gcc/x86_64-linux-gnu/4.4.3/../../../../lib -L/lib/../lib -L/usr/lib/../lib -L/usr/lib/gcc/x86_64-linux-gnu/4.4.3/../../.. CMakeFiles/cmTryCompileExec.dir/CMakeCXXCompilerABI.cpp.o -lmpi_cxx -lmpi -lopen-rte -lopen-pal -ldl --export-dynamic -lnsl -lutil -ldl -lstdc++ -lm -lgcc_s -lgcc -lpthread -lc -lgcc_s -lgcc /usr/lib/gcc/x86_64-linux-gnu/4.4.3/crtend.o /usr/lib/gcc/x86_64-linux-gnu/4.4.3/../../../../lib/crtn.o
make[1]: Leaving directory `/h1/apereira/F2Dock/CMakeFiles/CMakeTmp'


Parsed CXX implicit link information from above output:
  link line regex: [^( *|.*[/\])(ld|ld|collect2)[^/\]*( |$)]
  ignore line: [Change Dir: /h1/apereira/F2Dock/CMakeFiles/CMakeTmp]
  ignore line: []
  ignore line: [Run Build Command:/usr/bin/make "cmTryCompileExec/fast"]
  ignore line: [/usr/bin/make -f CMakeFiles/cmTryCompileExec.dir/build.make CMakeFiles/cmTryCompileExec.dir/build]
  ignore line: [make[1]: Entering directory `/h1/apereira/F2Dock/CMakeFiles/CMakeTmp']
  ignore line: [/org/centers/cvc/software/share/usr.linux.x86_64/bin/cmake -E cmake_progress_report /h1/apereira/F2Dock/CMakeFiles/CMakeTmp/CMakeFiles 1]
  ignore line: [Building CXX object CMakeFiles/cmTryCompileExec.dir/CMakeCXXCompilerABI.cpp.o]
  ignore line: [/usr/bin/mpic++.openmpi     -o CMakeFiles/cmTryCompileExec.dir/CMakeCXXCompilerABI.cpp.o -c /org/centers/cvc/software/share/usr.linux.x86_64/share/cmake-2.8/Modules/CMakeCXXCompilerABI.cpp]
  ignore line: [Linking CXX executable cmTryCompileExec]
  ignore line: [/org/centers/cvc/software/share/usr.linux.x86_64/bin/cmake -E cmake_link_script CMakeFiles/cmTryCompileExec.dir/link.txt --verbose=1]
  ignore line: [/usr/bin/mpic++.openmpi        -v CMakeFiles/cmTryCompileExec.dir/CMakeCXXCompilerABI.cpp.o  -o cmTryCompileExec -rdynamic  ]
  ignore line: [Using built-in specs.]
  ignore line: [Target: x86_64-linux-gnu]
  ignore line: [Configured with: ../src/configure -v --with-pkgversion='Ubuntu 4.4.3-4ubuntu5' --with-bugurl=file:///usr/share/doc/gcc-4.4/README.Bugs --enable-languages=c,c++,fortran,objc,obj-c++ --prefix=/usr --enable-shared --enable-multiarch --enable-linker-build-id --with-system-zlib --libexecdir=/usr/lib --without-included-gettext --enable-threads=posix --with-gxx-include-dir=/usr/include/c++/4.4 --program-suffix=-4.4 --enable-nls --enable-clocale=gnu --enable-libstdcxx-debug --enable-plugin --enable-objc-gc --disable-werror --with-arch-32=i486 --with-tune=generic --enable-checking=release --build=x86_64-linux-gnu --host=x86_64-linux-gnu --target=x86_64-linux-gnu]
  ignore line: [Thread model: posix]
  ignore line: [gcc version 4.4.3 (Ubuntu 4.4.3-4ubuntu5) ]
  ignore line: [COMPILER_PATH=/usr/lib/gcc/x86_64-linux-gnu/4.4.3/:/usr/lib/gcc/x86_64-linux-gnu/4.4.3/:/usr/lib/gcc/x86_64-linux-gnu/:/usr/lib/gcc/x86_64-linux-gnu/4.4.3/:/usr/lib/gcc/x86_64-linux-gnu/:/usr/lib/gcc/x86_64-linux-gnu/4.4.3/:/usr/lib/gcc/x86_64-linux-gnu/]
  ignore line: [LIBRARY_PATH=/usr/lib/gcc/x86_64-linux-gnu/4.4.3/:/usr/lib/gcc/x86_64-linux-gnu/4.4.3/:/usr/lib/gcc/x86_64-linux-gnu/4.4.3/../../../../lib/:/lib/../lib/:/usr/lib/../lib/:/usr/lib/gcc/x86_64-linux-gnu/4.4.3/../../../:/lib/:/usr/lib/]
  ignore line: [COLLECT_GCC_OPTIONS='-I/usr/lib/openmpi/include' '-I/usr/lib/openmpi/include/openmpi' '-pthread' '-v' '-o' 'cmTryCompileExec' '-rdynamic' '-L/usr/lib/openmpi/lib' '-shared-libgcc' '-mtune=generic']
  link line: [ /usr/lib/gcc/x86_64-linux-gnu/4.4.3/collect2 --build-id --eh-frame-hdr -m elf_x86_64 --hash-style=both -export-dynamic -dynamic-linker /lib64/ld-linux-x86-64.so.2 -o cmTryCompileExec -z relro /usr/lib/gcc/x86_64-linux-gnu/4.4.3/../../../../lib/crt1.o /usr/lib/gcc/x86_64-linux-gnu/4.4.3/../../../../lib/crti.o /usr/lib/gcc/x86_64-linux-gnu/4.4.3/crtbegin.o -L/usr/lib/openmpi/lib -L/usr/lib/gcc/x86_64-linux-gnu/4.4.3 -L/usr/lib/gcc/x86_64-linux-gnu/4.4.3 -L/usr/lib/gcc/x86_64-linux-gnu/4.4.3/../../../../lib -L/lib/../lib -L/usr/lib/../lib -L/usr/lib/gcc/x86_64-linux-gnu/4.4.3/../../.. CMakeFiles/cmTryCompileExec.dir/CMakeCXXCompilerABI.cpp.o -lmpi_cxx -lmpi -lopen-rte -lopen-pal -ldl --export-dynamic -lnsl -lutil -ldl -lstdc++ -lm -lgcc_s -lgcc -lpthread -lc -lgcc_s -lgcc /usr/lib/gcc/x86_64-linux-gnu/4.4.3/crtend.o /usr/lib/gcc/x86_64-linux-gnu/4.4.3/../../../../lib/crtn.o]
    arg [/usr/lib/gcc/x86_64-linux-gnu/4.4.3/collect2] ==> ignore
    arg [--build-id] ==> ignore
    arg [--eh-frame-hdr] ==> ignore
    arg [-m] ==> ignore
    arg [elf_x86_64] ==> ignore
    arg [--hash-style=both] ==> ignore
    arg [-export-dynamic] ==> ignore
    arg [-dynamic-linker] ==> ignore
    arg [/lib64/ld-linux-x86-64.so.2] ==> ignore
    arg [-o] ==> ignore
    arg [cmTryCompileExec] ==> ignore
    arg [-zrelro] ==> ignore
    arg [/usr/lib/gcc/x86_64-linux-gnu/4.4.3/../../../../lib/crt1.o] ==> ignore
    arg [/usr/lib/gcc/x86_64-linux-gnu/4.4.3/../../../../lib/crti.o] ==> ignore
    arg [/usr/lib/gcc/x86_64-linux-gnu/4.4.3/crtbegin.o] ==> ignore
    arg [-L/usr/lib/openmpi/lib] ==> dir [/usr/lib/openmpi/lib]
    arg [-L/usr/lib/gcc/x86_64-linux-gnu/4.4.3] ==> dir [/usr/lib/gcc/x86_64-linux-gnu/4.4.3]
    arg [-L/usr/lib/gcc/x86_64-linux-gnu/4.4.3] ==> dir [/usr/lib/gcc/x86_64-linux-gnu/4.4.3]
    arg [-L/usr/lib/gcc/x86_64-linux-gnu/4.4.3/../../../../lib] ==> dir [/usr/lib/gcc/x86_64-linux-gnu/4.4.3/../../../../lib]
    arg [-L/lib/../lib] ==> dir [/lib/../lib]
    arg [-L/usr/lib/../lib] ==> dir [/usr/lib/../lib]
    arg [-L/usr/lib/gcc/x86_64-linux-gnu/4.4.3/../../..] ==> dir [/usr/lib/gcc/x86_64-linux-gnu/4.4.3/../../..]
    arg [CMakeFiles/cmTryCompileExec.dir/CMakeCXXCompilerABI.cpp.o] ==> ignore
    arg [-lmpi_cxx] ==> lib [mpi_cxx]
    arg [-lmpi] ==> lib [mpi]
    arg [-lopen-rte] ==> lib [open-rte]
    arg [-lopen-pal] ==> lib [open-pal]
    arg [-ldl] ==> lib [dl]
    arg [--export-dynamic] ==> ignore
    arg [-lnsl] ==> lib [nsl]
    arg [-lutil] ==> lib [util]
    arg [-ldl] ==> lib [dl]
    arg [-lstdc++] ==> lib [stdc++]
    arg [-lm] ==> lib [m]
    arg [-lgcc_s] ==> lib [gcc_s]
    arg [-lgcc] ==> lib [gcc]
    arg [-lpthread] ==> lib [pthread]
    arg [-lc] ==> lib [c]
    arg [-lgcc_s] ==> lib [gcc_s]
    arg [-lgcc] ==> lib [gcc]
    arg [/usr/lib/gcc/x86_64-linux-gnu/4.4.3/crtend.o] ==> ignore
    arg [/usr/lib/gcc/x86_64-linux-gnu/4.4.3/../../../../lib/crtn.o] ==> ignore
  remove lib [gcc_s]
  remove lib [gcc]
  remove lib [gcc_s]
  remove lib [gcc]
  collapse dir [/usr/lib/openmpi/lib] ==> [/usr/lib/openmpi/lib]
  collapse dir [/usr/lib/gcc/x86_64-linux-gnu/4.4.3] ==> [/usr/lib/gcc/x86_64-linux-gnu/4.4.3]
  collapse dir [/usr/lib/gcc/x86_64-linux-gnu/4.4.3] ==> [/usr/lib/gcc/x86_64-linux-gnu/4.4.3]
  collapse dir [/usr/lib/gcc/x86_64-linux-gnu/4.4.3/../../../../lib] ==> [/usr/lib]
  collapse dir [/lib/../lib] ==> [/lib]
  collapse dir [/usr/lib/../lib] ==> [/usr/lib]
  collapse dir [/usr/lib/gcc/x86_64-linux-gnu/4.4.3/../../..] ==> [/usr/lib]
  implicit libs: [mpi_cxx;mpi;open-rte;open-pal;dl;nsl;util;dl;stdc++;m;pthread;c]
  implicit dirs: [/usr/lib/openmpi/lib;/usr/lib/gcc/x86_64-linux-gnu/4.4.3;/usr/lib;/lib]


